# JRE version: OpenJDK Runtime Environment (8.0_242-b01) (build 1.8.0_242-release-1644-b01)
# Java VM: OpenJDK 64-Bit Server VM (25.242-b01 mixed mode windows-amd64 compressed oops)
Heap:
 PSYoungGen      total 259584K, used 259577K [0x00000000e0000000, 0x00000000f6900000, 0x0000000100000000)
  eden space 231424K, 99% used [0x00000000e0000000,0x00000000ee1ffa40,0x00000000ee200000)
  from space 28160K, 99% used [0x00000000f0f80000,0x00000000f2afea60,0x00000000f2b00000)
  to   space 46592K, 59% used [0x00000000ee200000,0x00000000efcf1518,0x00000000f0f80000)
 ParOldGen       total 133120K, used 119146K [0x00000000a0000000, 0x00000000a8200000, 0x00000000e0000000)
  object space 133120K, 89% used [0x00000000a0000000,0x00000000a745a810,0x00000000a8200000)
 Metaspace       used 82715K, capacity 86724K, committed 86872K, reserved 1124352K
  class space    used 10985K, capacity 11797K, committed 11864K, reserved 1048576K
GC Heap History (10 events):
Event: 6.483 GC heap after
Heap after GC invocations=15 (full 3):
 PSYoungGen      total 193536K, used 0K [0x00000000e0000000, 0x00000000ed600000, 0x0000000100000000)
  eden space 175104K, 0% used [0x00000000e0000000,0x00000000e0000000,0x00000000eab00000)
  from space 18432K, 0% used [0x00000000ebd00000,0x00000000ebd00000,0x00000000ecf00000)
  to   space 18432K, 0% used [0x00000000eab00000,0x00000000eab00000,0x00000000ebd00000)
 ParOldGen       total 133120K, used 30904K [0x00000000a0000000, 0x00000000a8200000, 0x00000000e0000000)
  object space 133120K, 23% used [0x00000000a0000000,0x00000000a1e2e278,0x00000000a8200000)
 Metaspace       used 57071K, capacity 58966K, committed 59096K, reserved 1099776K
  class space    used 7866K, capacity 8326K, committed 8408K, reserved 1048576K
}
Event: 8.523 GC heap before
{Heap before GC invocations=16 (full 3):
 PSYoungGen      total 193536K, used 175104K [0x00000000e0000000, 0x00000000ed600000, 0x0000000100000000)
  eden space 175104K, 100% used [0x00000000e0000000,0x00000000eab00000,0x00000000eab00000)
  from space 18432K, 0% used [0x00000000ebd00000,0x00000000ebd00000,0x00000000ecf00000)
  to   space 18432K, 0% used [0x00000000eab00000,0x00000000eab00000,0x00000000ebd00000)
 ParOldGen       total 133120K, used 30904K [0x00000000a0000000, 0x00000000a8200000, 0x00000000e0000000)
  object space 133120K, 23% used [0x00000000a0000000,0x00000000a1e2e278,0x00000000a8200000)
 Metaspace       used 66918K, capacity 69190K, committed 69336K, reserved 1110016K
  class space    used 9108K, capacity 9618K, committed 9688K, reserved 1048576K
Event: 8.547 GC heap after
Heap after GC invocations=16 (full 3):
 PSYoungGen      total 193536K, used 18430K [0x00000000e0000000, 0x00000000efd80000, 0x0000000100000000)
  eden space 175104K, 0% used [0x00000000e0000000,0x00000000e0000000,0x00000000eab00000)
  from space 18432K, 99% used [0x00000000eab00000,0x00000000ebcff9a0,0x00000000ebd00000)
  to   space 22528K, 0% used [0x00000000ee780000,0x00000000ee780000,0x00000000efd80000)
 ParOldGen       total 133120K, used 35076K [0x00000000a0000000, 0x00000000a8200000, 0x00000000e0000000)
  object space 133120K, 26% used [0x00000000a0000000,0x00000000a22413a0,0x00000000a8200000)
 Metaspace       used 66918K, capacity 69190K, committed 69336K, reserved 1110016K
  class space    used 9108K, capacity 9618K, committed 9688K, reserved 1048576K
}
Event: 11.352 GC heap before
{Heap before GC invocations=17 (full 3):
 PSYoungGen      total 193536K, used 193534K [0x00000000e0000000, 0x00000000efd80000, 0x0000000100000000)
  eden space 175104K, 100% used [0x00000000e0000000,0x00000000eab00000,0x00000000eab00000)
  from space 18432K, 99% used [0x00000000eab00000,0x00000000ebcff9a0,0x00000000ebd00000)
  to   space 22528K, 0% used [0x00000000ee780000,0x00000000ee780000,0x00000000efd80000)
 ParOldGen       total 133120K, used 35076K [0x00000000a0000000, 0x00000000a8200000, 0x00000000e0000000)
  object space 133120K, 26% used [0x00000000a0000000,0x00000000a22413a0,0x00000000a8200000)
 Metaspace       used 73430K, capacity 76726K, committed 77016K, reserved 1116160K
  class space    used 9992K, capacity 10674K, committed 10712K, reserved 1048576K
Event: 11.377 GC heap after
Heap after GC invocations=17 (full 3):
 PSYoungGen      total 227840K, used 10104K [0x00000000e0000000, 0x00000000ef800000, 0x0000000100000000)
  eden space 210944K, 0% used [0x00000000e0000000,0x00000000e0000000,0x00000000ece00000)
  from space 16896K, 59% used [0x00000000ee780000,0x00000000ef15e0c0,0x00000000ef800000)
  to   space 21504K, 0% used [0x00000000ece00000,0x00000000ece00000,0x00000000ee300000)
 ParOldGen       total 133120K, used 46578K [0x00000000a0000000, 0x00000000a8200000, 0x00000000e0000000)
  object space 133120K, 34% used [0x00000000a0000000,0x00000000a2d7cbd0,0x00000000a8200000)
 Metaspace       used 73430K, capacity 76726K, committed 77016K, reserved 1116160K
  class space    used 9992K, capacity 10674K, committed 10712K, reserved 1048576K
}
Event: 14.016 GC heap before
{Heap before GC invocations=18 (full 3):
 PSYoungGen      total 227840K, used 221048K [0x00000000e0000000, 0x00000000ef800000, 0x0000000100000000)
  eden space 210944K, 100% used [0x00000000e0000000,0x00000000ece00000,0x00000000ece00000)
  from space 16896K, 59% used [0x00000000ee780000,0x00000000ef15e0c0,0x00000000ef800000)
  to   space 21504K, 0% used [0x00000000ece00000,0x00000000ece00000,0x00000000ee300000)
 ParOldGen       total 133120K, used 46578K [0x00000000a0000000, 0x00000000a8200000, 0x00000000e0000000)
  object space 133120K, 34% used [0x00000000a0000000,0x00000000a2d7cbd0,0x00000000a8200000)
 Metaspace       used 78472K, capacity 82268K, committed 82392K, reserved 1120256K
  class space    used 10697K, capacity 11475K, committed 11480K, reserved 1048576K
Event: 14.036 GC heap after
Heap after GC invocations=18 (full 3):
 PSYoungGen      total 232448K, used 21475K [0x00000000e0000000, 0x00000000f2b00000, 0x0000000100000000)
  eden space 210944K, 0% used [0x00000000e0000000,0x00000000e0000000,0x00000000ece00000)
  from space 21504K, 99% used [0x00000000ece00000,0x00000000ee2f8f68,0x00000000ee300000)
  to   space 28160K, 0% used [0x00000000f0f80000,0x00000000f0f80000,0x00000000f2b00000)
 ParOldGen       total 133120K, used 55771K [0x00000000a0000000, 0x00000000a8200000, 0x00000000e0000000)
  object space 133120K, 41% used [0x00000000a0000000,0x00000000a3676da0,0x00000000a8200000)
 Metaspace       used 78472K, capacity 82268K, committed 82392K, reserved 1120256K
  class space    used 10697K, capacity 11475K, committed 11480K, reserved 1048576K
}
Event: 14.574 GC heap before
{Heap before GC invocations=19 (full 3):
 PSYoungGen      total 232448K, used 232419K [0x00000000e0000000, 0x00000000f2b00000, 0x0000000100000000)
  eden space 210944K, 100% used [0x00000000e0000000,0x00000000ece00000,0x00000000ece00000)
  from space 21504K, 99% used [0x00000000ece00000,0x00000000ee2f8f68,0x00000000ee300000)
  to   space 28160K, 0% used [0x00000000f0f80000,0x00000000f0f80000,0x00000000f2b00000)
 ParOldGen       total 133120K, used 55771K [0x00000000a0000000, 0x00000000a8200000, 0x00000000e0000000)
  object space 133120K, 41% used [0x00000000a0000000,0x00000000a3676da0,0x00000000a8200000)
 Metaspace       used 78804K, capacity 82658K, committed 83032K, reserved 1120256K
  class space    used 10719K, capacity 11484K, committed 11608K, reserved 1048576K
Event: 14.636 GC heap after
Heap after GC invocations=19 (full 3):
 PSYoungGen      total 259584K, used 28154K [0x00000000e0000000, 0x00000000f6900000, 0x0000000100000000)
  eden space 231424K, 0% used [0x00000000e0000000,0x00000000e0000000,0x00000000ee200000)
  from space 28160K, 99% used [0x00000000f0f80000,0x00000000f2afea60,0x00000000f2b00000)
  to   space 46592K, 0% used [0x00000000ee200000,0x00000000ee200000,0x00000000f0f80000)
 ParOldGen       total 133120K, used 94116K [0x00000000a0000000, 0x00000000a8200000, 0x00000000e0000000)
  object space 133120K, 70% used [0x00000000a0000000,0x00000000a5be9350,0x00000000a8200000)
 Metaspace       used 78804K, capacity 82658K, committed 83032K, reserved 1120256K
  class space    used 10719K, capacity 11484K, committed 11608K, reserved 1048576K
}
Event: 134.978 GC heap before
{Heap before GC invocations=20 (full 3):
 PSYoungGen      total 259584K, used 259577K [0x00000000e0000000, 0x00000000f6900000, 0x0000000100000000)
  eden space 231424K, 99% used [0x00000000e0000000,0x00000000ee1ffa40,0x00000000ee200000)
  from space 28160K, 99% used [0x00000000f0f80000,0x00000000f2afea60,0x00000000f2b00000)
  to   space 46592K, 0% used [0x00000000ee200000,0x00000000ee200000,0x00000000f0f80000)
 ParOldGen       total 133120K, used 94116K [0x00000000a0000000, 0x00000000a8200000, 0x00000000e0000000)
  object space 133120K, 70% used [0x00000000a0000000,0x00000000a5be9350,0x00000000a8200000)
 Metaspace       used 82715K, capacity 86724K, committed 86872K, reserved 1124352K
  class space    used 10985K, capacity 11797K, committed 11864K, reserved 1048576K

