# JRE version: OpenJDK Runtime Environment (8.0_242-b01) (build 1.8.0_242-release-1644-b01)
# Java VM: OpenJDK 64-Bit Server VM (25.242-b01 mixed mode windows-amd64 compressed oops)
Heap:
 PSYoungGen      total 369152K, used 235540K [0x00000000e0000000, 0x00000000f9f80000, 0x0000000100000000)
  eden space 320000K, 73% used [0x00000000e0000000,0x00000000ee6050c8,0x00000000f3880000)
  from space 49152K, 0% used [0x00000000f6f80000,0x00000000f6f80000,0x00000000f9f80000)
  to   space 52736K, 0% used [0x00000000f3880000,0x00000000f3880000,0x00000000f6c00000)
 ParOldGen       total 187392K, used 64140K [0x00000000a0000000, 0x00000000ab700000, 0x00000000e0000000)
  object space 187392K, 34% used [0x00000000a0000000,0x00000000a3ea3170,0x00000000ab700000)
 Metaspace       used 107250K, capacity 111652K, committed 111744K, reserved 1146880K
  class space    used 13739K, capacity 14684K, committed 14720K, reserved 1048576K
GC Heap History (10 events):
Event: 171.885 GC heap before
{Heap before GC invocations=30 (full 3):
 PSYoungGen      total 247808K, used 247807K [0x00000000e0000000, 0x00000000f3280000, 0x0000000100000000)
  eden space 206848K, 100% used [0x00000000e0000000,0x00000000eca00000,0x00000000eca00000)
  from space 40960K, 99% used [0x00000000efa80000,0x00000000f227fd28,0x00000000f2280000)
  to   space 49664K, 0% used [0x00000000eca00000,0x00000000eca00000,0x00000000efa80000)
 ParOldGen       total 139264K, used 60928K [0x00000000a0000000, 0x00000000a8800000, 0x00000000e0000000)
  object space 139264K, 43% used [0x00000000a0000000,0x00000000a3b80210,0x00000000a8800000)
 Metaspace       used 90771K, capacity 94418K, committed 94592K, reserved 1132544K
  class space    used 11634K, capacity 12403K, committed 12416K, reserved 1048576K
Event: 171.912 GC heap after
Heap after GC invocations=30 (full 3):
 PSYoungGen      total 256512K, used 37681K [0x00000000e0000000, 0x00000000f6300000, 0x0000000100000000)
  eden space 206848K, 0% used [0x00000000e0000000,0x00000000e0000000,0x00000000eca00000)
  from space 49664K, 75% used [0x00000000eca00000,0x00000000eeecc728,0x00000000efa80000)
  to   space 52736K, 0% used [0x00000000f2f80000,0x00000000f2f80000,0x00000000f6300000)
 ParOldGen       total 139264K, used 68070K [0x00000000a0000000, 0x00000000a8800000, 0x00000000e0000000)
  object space 139264K, 48% used [0x00000000a0000000,0x00000000a4279940,0x00000000a8800000)
 Metaspace       used 90771K, capacity 94418K, committed 94592K, reserved 1132544K
  class space    used 11634K, capacity 12403K, committed 12416K, reserved 1048576K
}
Event: 172.030 GC heap before
{Heap before GC invocations=31 (full 3):
 PSYoungGen      total 256512K, used 244529K [0x00000000e0000000, 0x00000000f6300000, 0x0000000100000000)
  eden space 206848K, 100% used [0x00000000e0000000,0x00000000eca00000,0x00000000eca00000)
  from space 49664K, 75% used [0x00000000eca00000,0x00000000eeecc728,0x00000000efa80000)
  to   space 52736K, 0% used [0x00000000f2f80000,0x00000000f2f80000,0x00000000f6300000)
 ParOldGen       total 139264K, used 68070K [0x00000000a0000000, 0x00000000a8800000, 0x00000000e0000000)
  object space 139264K, 48% used [0x00000000a0000000,0x00000000a4279940,0x00000000a8800000)
 Metaspace       used 90776K, capacity 94418K, committed 94592K, reserved 1132544K
  class space    used 11634K, capacity 12403K, committed 12416K, reserved 1048576K
Event: 172.063 GC heap after
Heap after GC invocations=31 (full 3):
 PSYoungGen      total 309760K, used 33626K [0x00000000e0000000, 0x00000000f6900000, 0x0000000100000000)
  eden space 257024K, 0% used [0x00000000e0000000,0x00000000e0000000,0x00000000efb00000)
  from space 52736K, 63% used [0x00000000f2f80000,0x00000000f5056bf8,0x00000000f6300000)
  to   space 53760K, 0% used [0x00000000efb00000,0x00000000efb00000,0x00000000f2f80000)
 ParOldGen       total 139264K, used 69033K [0x00000000a0000000, 0x00000000a8800000, 0x00000000e0000000)
  object space 139264K, 49% used [0x00000000a0000000,0x00000000a436a488,0x00000000a8800000)
 Metaspace       used 90776K, capacity 94418K, committed 94592K, reserved 1132544K
  class space    used 11634K, capacity 12403K, committed 12416K, reserved 1048576K
}
Event: 175.680 GC heap before
{Heap before GC invocations=32 (full 3):
 PSYoungGen      total 309760K, used 290650K [0x00000000e0000000, 0x00000000f6900000, 0x0000000100000000)
  eden space 257024K, 100% used [0x00000000e0000000,0x00000000efb00000,0x00000000efb00000)
  from space 52736K, 63% used [0x00000000f2f80000,0x00000000f5056bf8,0x00000000f6300000)
  to   space 53760K, 0% used [0x00000000efb00000,0x00000000efb00000,0x00000000f2f80000)
 ParOldGen       total 139264K, used 69033K [0x00000000a0000000, 0x00000000a8800000, 0x00000000e0000000)
  object space 139264K, 49% used [0x00000000a0000000,0x00000000a436a488,0x00000000a8800000)
 Metaspace       used 94167K, capacity 97856K, committed 98176K, reserved 1134592K
  class space    used 12060K, capacity 12818K, committed 12928K, reserved 1048576K
Event: 175.696 GC heap after
Heap after GC invocations=32 (full 3):
 PSYoungGen      total 310784K, used 8078K [0x00000000e0000000, 0x00000000fa400000, 0x0000000100000000)
  eden space 257024K, 0% used [0x00000000e0000000,0x00000000e0000000,0x00000000efb00000)
  from space 53760K, 15% used [0x00000000efb00000,0x00000000f02e3920,0x00000000f2f80000)
  to   space 53760K, 0% used [0x00000000f6f80000,0x00000000f6f80000,0x00000000fa400000)
 ParOldGen       total 139264K, used 87677K [0x00000000a0000000, 0x00000000a8800000, 0x00000000e0000000)
  object space 139264K, 62% used [0x00000000a0000000,0x00000000a559f648,0x00000000a8800000)
 Metaspace       used 94167K, capacity 97856K, committed 98176K, reserved 1134592K
  class space    used 12060K, capacity 12818K, committed 12928K, reserved 1048576K
}
Event: 176.592 GC heap before
{Heap before GC invocations=33 (full 3):
 PSYoungGen      total 310784K, used 49892K [0x00000000e0000000, 0x00000000fa400000, 0x0000000100000000)
  eden space 257024K, 16% used [0x00000000e0000000,0x00000000e28d5708,0x00000000efb00000)
  from space 53760K, 15% used [0x00000000efb00000,0x00000000f02e3920,0x00000000f2f80000)
  to   space 53760K, 0% used [0x00000000f6f80000,0x00000000f6f80000,0x00000000fa400000)
 ParOldGen       total 139264K, used 87677K [0x00000000a0000000, 0x00000000a8800000, 0x00000000e0000000)
  object space 139264K, 62% used [0x00000000a0000000,0x00000000a559f648,0x00000000a8800000)
 Metaspace       used 94770K, capacity 98468K, committed 98560K, reserved 1134592K
  class space    used 12116K, capacity 12898K, committed 12928K, reserved 1048576K
Event: 176.602 GC heap after
Heap after GC invocations=33 (full 3):
 PSYoungGen      total 369152K, used 8945K [0x00000000e0000000, 0x00000000f9f80000, 0x0000000100000000)
  eden space 320000K, 0% used [0x00000000e0000000,0x00000000e0000000,0x00000000f3880000)
  from space 49152K, 18% used [0x00000000f6f80000,0x00000000f783c440,0x00000000f9f80000)
  to   space 52736K, 0% used [0x00000000f3880000,0x00000000f3880000,0x00000000f6c00000)
 ParOldGen       total 139264K, used 87941K [0x00000000a0000000, 0x00000000a8800000, 0x00000000e0000000)
  object space 139264K, 63% used [0x00000000a0000000,0x00000000a55e17e0,0x00000000a8800000)
 Metaspace       used 94770K, capacity 98468K, committed 98560K, reserved 1134592K
  class space    used 12116K, capacity 12898K, committed 12928K, reserved 1048576K
}
Event: 176.602 GC heap before
{Heap before GC invocations=34 (full 4):
 PSYoungGen      total 369152K, used 8945K [0x00000000e0000000, 0x00000000f9f80000, 0x0000000100000000)
  eden space 320000K, 0% used [0x00000000e0000000,0x00000000e0000000,0x00000000f3880000)
  from space 49152K, 18% used [0x00000000f6f80000,0x00000000f783c440,0x00000000f9f80000)
  to   space 52736K, 0% used [0x00000000f3880000,0x00000000f3880000,0x00000000f6c00000)
 ParOldGen       total 139264K, used 87941K [0x00000000a0000000, 0x00000000a8800000, 0x00000000e0000000)
  object space 139264K, 63% used [0x00000000a0000000,0x00000000a55e17e0,0x00000000a8800000)
 Metaspace       used 94770K, capacity 98468K, committed 98560K, reserved 1134592K
  class space    used 12116K, capacity 12898K, committed 12928K, reserved 1048576K
Event: 176.768 GC heap after
Heap after GC invocations=34 (full 4):
 PSYoungGen      total 369152K, used 0K [0x00000000e0000000, 0x00000000f9f80000, 0x0000000100000000)
  eden space 320000K, 0% used [0x00000000e0000000,0x00000000e0000000,0x00000000f3880000)
  from space 49152K, 0% used [0x00000000f6f80000,0x00000000f6f80000,0x00000000f9f80000)
  to   space 52736K, 0% used [0x00000000f3880000,0x00000000f3880000,0x00000000f6c00000)
 ParOldGen       total 187392K, used 64140K [0x00000000a0000000, 0x00000000ab700000, 0x00000000e0000000)
  object space 187392K, 34% used [0x00000000a0000000,0x00000000a3ea3170,0x00000000ab700000)
 Metaspace       used 94623K, capacity 98032K, committed 98560K, reserved 1134592K
  class space    used 12069K, capacity 12814K, committed 12928K, reserved 1048576K
}

